\BOOKMARK [0][]{chapter.1}{\376\377\0001\000\040\000I\000n\000t\000r\000o\000d\000u\000c\000t\000i\000o\000n}{}% 1
\BOOKMARK [1][]{section.1.1}{\376\377\0001\000.\0001\000\040\000R\000e\000s\000e\000a\000r\000c\000h\000\040\000o\000b\000j\000e\000c\000t\000i\000v\000e\000s}{chapter.1}% 2
\BOOKMARK [2][]{subsection.1.1.1}{\376\377\0001\000.\0001\000.\0001\000\040\000R\000e\000s\000e\000a\000r\000c\000h\000\040\000q\000u\000e\000s\000t\000i\000o\000n\000s}{section.1.1}% 3
\BOOKMARK [1][]{section.1.2}{\376\377\0001\000.\0002\000\040\000R\000e\000s\000e\000a\000r\000c\000h\000\040\000o\000u\000t\000p\000u\000t}{chapter.1}% 4
\BOOKMARK [0][]{chapter.2}{\376\377\0002\000\040\000N\000o\000z\000z\000l\000e\000\040\000g\000u\000i\000d\000e\000\040\000v\000a\000n\000e\000\040\000\050\000N\000G\000V\000\051\000\040\000t\000e\000m\000p\000e\000r\000a\000t\000u\000r\000e\000\040\000m\000o\000n\000i\000t\000o\000r\000i\000n\000g}{}% 5
\BOOKMARK [1][]{section.2.1}{\376\377\0002\000.\0001\000\040\000C\000u\000r\000r\000e\000n\000t\000\040\000s\000u\000r\000f\000a\000c\000e\000\040\000t\000e\000m\000p\000e\000r\000a\000t\000u\000r\000e\000\040\000m\000o\000n\000i\000t\000o\000r\000i\000n\000g\000\040\000s\000t\000r\000a\000t\000e\000g\000i\000e\000s}{chapter.2}% 6
\BOOKMARK [1][]{section.2.2}{\376\377\0002\000.\0002\000\040\000N\000u\000m\000e\000r\000i\000c\000a\000l\000\040\000m\000e\000t\000h\000o\000d\000s\000\040\000f\000o\000r\000\040\000t\000e\000m\000p\000e\000r\000a\000t\000u\000r\000e\000\040\000e\000s\000t\000i\000m\000a\000t\000i\000o\000n}{chapter.2}% 7
\BOOKMARK [1][]{section.2.3}{\376\377\0002\000.\0003\000\040\000O\000f\000f\000l\000i\000n\000e\000\040\000M\000o\000n\000i\000t\000o\000r\000i\000n\000g\000\040\000M\000e\000t\000h\000o\000d\000s}{chapter.2}% 8
\BOOKMARK [2][]{subsection.2.3.1}{\376\377\0002\000.\0003\000.\0001\000\040\000T\000h\000e\000r\000m\000a\000l\000\040\000p\000a\000i\000n\000t\000\040\000o\000r\000\040\000T\000e\000m\000p\000e\000r\000a\000t\000u\000r\000e\000\040\000i\000n\000d\000i\000c\000a\000t\000i\000n\000g\000\040\000p\000a\000i\000n\000t}{section.2.3}% 9
\BOOKMARK [2][]{subsection.2.3.2}{\376\377\0002\000.\0003\000.\0002\000\040\000T\000h\000e\000r\000m\000a\000l\000\040\000h\000i\000s\000t\000o\000r\000y\000\040\000s\000e\000n\000s\000o\000r\000s}{section.2.3}% 10
\BOOKMARK [2][]{subsection.2.3.3}{\376\377\0002\000.\0003\000.\0003\000\040\000O\000t\000h\000e\000r\000\040\000o\000f\000f\000l\000i\000n\000e\000\040\000s\000e\000n\000s\000o\000r\000s}{section.2.3}% 11
\BOOKMARK [1][]{section.2.4}{\376\377\0002\000.\0004\000\040\000O\000n\000l\000i\000n\000e\000\040\000M\000o\000n\000i\000t\000o\000r\000i\000n\000g\000\040\000M\000e\000t\000h\000o\000d\000s}{chapter.2}% 12
\BOOKMARK [2][]{subsection.2.4.1}{\376\377\0002\000.\0004\000.\0001\000\040\000T\000h\000e\000r\000m\000o\000c\000o\000u\000p\000l\000e\000s}{section.2.4}% 13
\BOOKMARK [2][]{subsection.2.4.2}{\376\377\0002\000.\0004\000.\0002\000\040\000P\000y\000r\000o\000m\000e\000t\000r\000y}{section.2.4}% 14
\BOOKMARK [2][]{subsection.2.4.3}{\376\377\0002\000.\0004\000.\0003\000\040\000T\000e\000m\000p\000e\000r\000a\000t\000u\000r\000e\000\040\000s\000e\000n\000s\000i\000t\000i\000v\000e\000\040\000p\000a\000i\000n\000t\000s}{section.2.4}% 15
\BOOKMARK [2][]{subsection.2.4.4}{\376\377\0002\000.\0004\000.\0004\000\040\000T\000h\000e\000r\000m\000o\000g\000r\000a\000p\000h\000i\000c\000\040\000p\000h\000o\000s\000p\000h\000o\000r\000s}{section.2.4}% 16
\BOOKMARK [2][]{subsection.2.4.5}{\376\377\0002\000.\0004\000.\0005\000\040\000O\000t\000h\000e\000r\000\040\000m\000e\000t\000h\000o\000d\000s}{section.2.4}% 17
\BOOKMARK [1][]{section.2.5}{\376\377\0002\000.\0005\000\040\000C\000o\000n\000c\000l\000u\000s\000i\000o\000n\000s}{chapter.2}% 18
\BOOKMARK [0][]{chapter.3}{\376\377\0003\000\040\000T\000h\000e\000\040\000p\000o\000t\000e\000n\000t\000i\000a\000l\000\040\000o\000f\000\040\000u\000l\000t\000r\000a\000s\000o\000n\000i\000c\000\040\000g\000u\000i\000d\000e\000d\000\040\000w\000a\000v\000e\000s}{}% 19
\BOOKMARK [1][]{section.3.1}{\376\377\0003\000.\0001\000\040\000U\000l\000t\000r\000a\000s\000o\000n\000i\000c\000\040\000s\000t\000r\000u\000c\000t\000u\000r\000a\000l\000\040\000h\000e\000a\000l\000t\000h\000\040\000m\000o\000n\000i\000t\000o\000r\000i\000n\000g}{chapter.3}% 20
\BOOKMARK [2][]{subsection.3.1.1}{\376\377\0003\000.\0001\000.\0001\000\040\000T\000e\000m\000p\000e\000r\000a\000t\000u\000r\000e\000\040\000c\000o\000m\000p\000e\000n\000s\000a\000t\000i\000o\000n\000\040\000t\000e\000c\000h\000n\000i\000q\000u\000e\000s}{section.3.1}% 21
\BOOKMARK [2][]{subsection.3.1.2}{\376\377\0003\000.\0001\000.\0002\000\040\000M\000e\000a\000s\000u\000r\000e\000m\000e\000n\000t\000\040\000d\000e\000v\000i\000c\000e\000s\000\040\000f\000o\000r\000\040\000t\000h\000e\000\040\000g\000e\000n\000e\000r\000a\000t\000i\000o\000n\000\040\000a\000n\000d\000\040\000a\000c\000q\000u\000i\000s\000i\000t\000i\000o\000n\000\040\000o\000f\000\040\000g\000u\000i\000d\000e\000d\000\040\000w\000a\000v\000e\000s}{section.3.1}% 22
\BOOKMARK [2][]{subsection.3.1.3}{\376\377\0003\000.\0001\000.\0003\000\040\000P\000i\000e\000z\000o\000e\000l\000e\000c\000t\000r\000i\000c\000\040\000s\000e\000l\000e\000c\000t\000i\000o\000n\000\040\000f\000o\000r\000\040\000h\000i\000g\000h\000\040\000t\000e\000m\000p\000e\000r\000a\000t\000u\000r\000e\000\040\000s\000e\000n\000s\000i\000n\000g}{section.3.1}% 23
\BOOKMARK [1][]{section.3.2}{\376\377\0003\000.\0002\000\040\000A\000c\000o\000u\000s\000t\000i\000c\000\040\000t\000e\000m\000p\000e\000r\000a\000t\000u\000r\000e\000\040\000s\000e\000n\000s\000i\000n\000g}{chapter.3}% 24
\BOOKMARK [1][]{section.3.3}{\376\377\0003\000.\0003\000\040\000L\000a\000m\000b\000\040\000w\000a\000v\000e\000\040\000p\000r\000o\000p\000a\000g\000a\000t\000i\000o\000n}{chapter.3}% 25
\BOOKMARK [2][]{subsection.3.3.1}{\376\377\0003\000.\0003\000.\0001\000\040\000G\000e\000n\000e\000r\000a\000t\000i\000o\000n\000\040\000o\000f\000\040\000d\000i\000s\000p\000e\000r\000s\000i\000o\000n\000\040\000c\000u\000r\000v\000e\000s}{section.3.3}% 26
\BOOKMARK [2][]{subsection.3.3.2}{\376\377\0003\000.\0003\000.\0002\000\040\000T\000h\000e\000\040\000e\000f\000f\000e\000c\000t\000\040\000o\000f\000\040\000t\000e\000m\000p\000e\000r\000a\000t\000u\000r\000e\000\040\000o\000n\000\040\000w\000a\000v\000e\000\040\000p\000r\000o\000p\000a\000g\000a\000t\000i\000o\000n}{section.3.3}% 27
\BOOKMARK [2][]{subsection.3.3.3}{\376\377\0003\000.\0003\000.\0003\000\040\000M\000o\000d\000e\000\040\000s\000e\000l\000e\000c\000t\000i\000o\000n\000\040\000c\000o\000n\000s\000i\000d\000e\000r\000a\000t\000i\000o\000n\000s}{section.3.3}% 28
\BOOKMARK [1][]{section.3.4}{\376\377\0003\000.\0004\000\040\000E\000x\000c\000i\000t\000a\000t\000i\000o\000n\000\040\000s\000i\000g\000n\000a\000l}{chapter.3}% 29
\BOOKMARK [2][]{subsection.3.4.1}{\376\377\0003\000.\0004\000.\0001\000\040\000T\000w\000o\000-\000s\000i\000d\000e\000d\000\040\000e\000x\000c\000i\000t\000a\000t\000i\000o\000n}{section.3.4}% 30
\BOOKMARK [1][]{section.3.5}{\376\377\0003\000.\0005\000\040\000C\000o\000n\000c\000l\000u\000s\000i\000o\000n\000s}{chapter.3}% 31
\BOOKMARK [1][]{section.3.6}{\376\377\0003\000.\0006\000\040\000O\000t\000h\000e\000r\000\040\000a\000p\000p\000l\000i\000c\000a\000t\000i\000o\000n\000s}{chapter.3}% 32
\BOOKMARK [0][]{chapter.4}{\376\377\0004\000\040\000T\000e\000m\000p\000e\000r\000a\000t\000u\000r\000e\000\040\000s\000e\000n\000s\000i\000t\000i\000v\000i\000t\000y\000\040\000o\000f\000\040\000g\000u\000i\000d\000e\000d\000\040\000w\000a\000v\000e\000s}{}% 33
\BOOKMARK [1][]{subsection.4.0.1}{\376\377\0004\000.\0000\000.\0001\000\040\000T\000h\000e\000r\000m\000a\000l\000\040\000e\000x\000p\000a\000n\000s\000i\000o\000n}{chapter.4}% 34
\BOOKMARK [2][]{subsection.4.0.2}{\376\377\0004\000.\0000\000.\0002\000\040\000P\000o\000i\000s\000s\000o\000n\000'\000s\000\040\000r\000a\000t\000i\000o}{subsection.4.0.1}% 35
\BOOKMARK [2][]{subsection.4.0.3}{\376\377\0004\000.\0000\000.\0003\000\040\000Y\000o\000u\000n\000g\000'\000s\000\040\000m\000o\000d\000u\000l\000u\000s}{subsection.4.0.1}% 36
\BOOKMARK [1][]{section.4.1}{\376\377\0004\000.\0001\000\040\000P\000r\000e\000d\000i\000c\000t\000i\000o\000n\000\040\000s\000t\000u\000d\000y\000\040\000\050\000A\000l\000u\000m\000i\000n\000i\000u\000m\000\051}{chapter.4}% 37
\BOOKMARK [1][]{section.4.2}{\376\377\0004\000.\0002\000\040\000E\000x\000p\000e\000r\000i\000m\000e\000n\000t\000a\000l\000\040\000s\000t\000u\000d\000y\000\040\000\050\000A\000l\000u\000m\000i\000n\000i\000u\000m\000\051}{chapter.4}% 38
\BOOKMARK [2][]{subsection.4.2.1}{\376\377\0004\000.\0002\000.\0001\000\040\000T\000e\000s\000t\000\040\000M\000e\000t\000h\000o\000d}{section.4.2}% 39
\BOOKMARK [2][]{subsection.4.2.2}{\376\377\0004\000.\0002\000.\0002\000\040\000S\0000\000\040\000m\000o\000d\000e\000\040\000\050\0001\000\040\000M\000H\000z\000-\000m\000m\000\051}{section.4.2}% 40
\BOOKMARK [2][]{subsection.4.2.3}{\376\377\0004\000.\0002\000.\0003\000\040\000A\0001\000\040\000m\000o\000d\000e\000\040\000\050\0002\000.\0005\000\040\000M\000H\000z\000-\000m\000m\000\051}{section.4.2}% 41
\BOOKMARK [2][]{subsection.4.2.4}{\376\377\0004\000.\0002\000.\0004\000\040\000S\0001\000\040\000m\000o\000d\000e\000\040\000\050\0004\000\040\000M\000H\000z\000-\000m\000m\000\051}{section.4.2}% 42
\BOOKMARK [2][]{subsection.4.2.5}{\376\377\0004\000.\0002\000.\0005\000\040\000E\000x\000p\000e\000r\000i\000m\000e\000n\000t\000a\000l\000\040\000s\000e\000n\000s\000i\000t\000i\000v\000i\000t\000y\000\040\000a\000n\000a\000l\000y\000s\000i\000s}{section.4.2}% 43
\BOOKMARK [2][]{subsection.4.2.6}{\376\377\0004\000.\0002\000.\0006\000\040\000C\000o\000n\000c\000l\000u\000s\000i\000o\000n}{section.4.2}% 44
\BOOKMARK [1][]{section.4.3}{\376\377\0004\000.\0003\000\040\000S\000i\000m\000u\000l\000a\000t\000i\000o\000n\000\040\000s\000t\000u\000d\000y\000\040\000\050\000A\000l\000u\000m\000i\000n\000i\000u\000m\000\051}{chapter.4}% 45
\BOOKMARK [2][]{subsection.4.3.1}{\376\377\0004\000.\0003\000.\0001\000\040\000V\000a\000r\000i\000a\000b\000l\000e\000\040\000a\000n\000g\000l\000e\000\040\000w\000e\000d\000g\000e\000\040\000s\000i\000m\000u\000l\000a\000t\000i\000o\000n}{section.4.3}% 46
\BOOKMARK [2][]{subsection.4.3.2}{\376\377\0004\000.\0003\000.\0002\000\040\000S\000i\000m\000u\000l\000a\000t\000i\000o\000n\000\040\000r\000e\000s\000u\000l\000t\000s}{section.4.3}% 47
\BOOKMARK [1][]{section.4.4}{\376\377\0004\000.\0004\000\040\000I\000n\000c\000o\000n\000e\000l\000\040\0007\0001\0008\000\040\000s\000i\000m\000u\000l\000a\000t\000i\000o\000n\000\040\000s\000t\000u\000d\000y}{chapter.4}% 48
\BOOKMARK [0][]{chapter.5}{\376\377\0005\000\040\000T\000h\000e\000\040\000e\000f\000f\000e\000c\000t\000\040\000o\000f\000\040\000c\000o\000o\000l\000i\000n\000g\000\040\000h\000o\000l\000e\000s\000\040\000o\000n\000\040\000w\000a\000v\000e\000\040\000p\000r\000o\000p\000a\000g\000a\000t\000i\000o\000n}{}% 49
\BOOKMARK [1][]{section.5.1}{\376\377\0005\000.\0001\000\040\000T\000h\000e\000\040\000e\000f\000f\000e\000c\000t\000\040\000o\000f\000\040\000h\000o\000l\000e\000\040\000s\000i\000z\000e\000\040\000o\000n\000\040\000r\000e\000f\000l\000e\000c\000t\000i\000o\000n\000\040\000a\000m\000p\000l\000i\000t\000u\000d\000e}{chapter.5}% 50
\BOOKMARK [2][]{subsection.5.1.1}{\376\377\0005\000.\0001\000.\0001\000\040\000D\000e\000t\000e\000r\000m\000i\000n\000a\000t\000i\000o\000n\000\040\000o\000f\000\040\000t\000r\000a\000n\000s\000m\000i\000s\000s\000i\000o\000n\000\040\000d\000i\000s\000t\000a\000n\000c\000e}{section.5.1}% 51
\BOOKMARK [2][]{subsection.5.1.2}{\376\377\0005\000.\0001\000.\0002\000\040\000T\000h\000e\000\040\000e\000f\000f\000e\000c\000t\000\040\000o\000f\000\040\000h\000o\000l\000e\000\040\000s\000i\000z\000e\000\040\000o\000n\000\040\000s\000i\000g\000n\000a\000l\000\040\000a\000m\000p\000l\000i\000t\000u\000d\000e}{section.5.1}% 52
\BOOKMARK [2][]{subsection.5.1.3}{\376\377\0005\000.\0001\000.\0003\000\040\000C\000o\000n\000c\000l\000u\000s\000i\000o\000n\000s}{section.5.1}% 53
\BOOKMARK [1][]{section.5.2}{\376\377\0005\000.\0002\000\040\0003\000D\000\040\000S\000i\000m\000u\000l\000a\000t\000i\000o\000n\000s}{chapter.5}% 54
\BOOKMARK [2][]{subsection.5.2.1}{\376\377\0005\000.\0002\000.\0001\000\040\000W\000a\000v\000e\000\040\000p\000r\000o\000p\000a\000g\000a\000t\000i\000o\000n\000\040\000a\000c\000r\000o\000s\000s\000\040\000t\000h\000e\000\040\000l\000e\000a\000d\000i\000n\000g\000\040\000e\000d\000g\000e}{section.5.2}% 55
\BOOKMARK [2][]{subsection.5.2.2}{\376\377\0005\000.\0002\000.\0002\000\040\000T\000e\000m\000p\000e\000r\000a\000t\000u\000r\000e\000\040\000m\000o\000n\000i\000t\000o\000r\000i\000n\000g\000\040\000u\000s\000i\000n\000g\000\040\000t\000h\000e\000\040\000A\0000\000\040\000m\000o\000d\000e}{section.5.2}% 56
\BOOKMARK [2][]{subsection.5.2.3}{\376\377\0005\000.\0002\000.\0003\000\040\000W\000a\000v\000e\000\040\000p\000r\000o\000p\000a\000g\000a\000t\000i\000o\000n\000\040\000t\000o\000w\000a\000r\000d\000s\000\040\000t\000h\000e\000\040\000t\000r\000a\000i\000l\000i\000n\000g\000\040\000e\000d\000g\000e}{section.5.2}% 57
\BOOKMARK [1][]{section.5.3}{\376\377\0005\000.\0003\000\040\000C\000o\000n\000c\000l\000u\000s\000i\000o\000n\000s}{chapter.5}% 58
\BOOKMARK [0][]{chapter.6}{\376\377\0006\000\040\000T\000h\000e\000\040\000e\000f\000f\000e\000c\000t\000\040\000o\000f\000\040\000t\000h\000e\000r\000m\000a\000l\000\040\000b\000a\000r\000r\000i\000e\000r\000\040\000c\000o\000a\000t\000i\000n\000g\000s\000\040\000o\000n\000\040\000w\000a\000v\000e\000\040\000p\000r\000o\000p\000a\000g\000a\000t\000i\000o\000n}{}% 59
\BOOKMARK [1][]{section.6.1}{\376\377\0006\000.\0001\000\040\000F\000i\000x\000e\000d\000\040\000t\000e\000m\000p\000e\000r\000a\000t\000u\000r\000e\000\040\000s\000t\000u\000d\000y}{chapter.6}% 60
\BOOKMARK [1][]{section.6.2}{\376\377\0006\000.\0002\000\040\000T\000e\000m\000p\000e\000r\000a\000t\000u\000r\000e\000\040\000d\000e\000p\000e\000n\000d\000a\000n\000t\000\040\000s\000t\000u\000d\000y}{chapter.6}% 61
\BOOKMARK [2][]{subsection.6.2.1}{\376\377\0006\000.\0002\000.\0001\000\040\000C\000O\000M\000S\000O\000L\000\040\000S\000i\000m\000u\000l\000a\000t\000i\000o\000n\000s}{section.6.2}% 62
\BOOKMARK [1][]{section.6.3}{\376\377\0006\000.\0003\000\040\000C\000o\000n\000c\000l\000u\000s\000i\000o\000n\000s}{chapter.6}% 63
\BOOKMARK [0][]{chapter.7}{\376\377\0007\000\040\000C\000o\000n\000c\000l\000u\000s\000i\000o\000n\000s\000\040\000a\000n\000d\000\040\000f\000u\000t\000u\000r\000e\000\040\000r\000e\000s\000e\000a\000r\000c\000h}{}% 64
\BOOKMARK [1][]{section.7.1}{\376\377\0007\000.\0001\000\040\000C\000o\000n\000c\000l\000u\000s\000i\000o\000n\000s}{chapter.7}% 65
\BOOKMARK [2][]{subsection.7.1.1}{\376\377\0007\000.\0001\000.\0001\000\040\000R\000e\000s\000e\000a\000r\000c\000h\000\040\000s\000u\000m\000m\000a\000r\000y}{section.7.1}% 66
\BOOKMARK [2][]{subsection.7.1.2}{\376\377\0007\000.\0001\000.\0002\000\040\000G\000e\000n\000e\000r\000a\000l\000\040\000r\000e\000c\000o\000m\000m\000e\000n\000d\000a\000t\000i\000o\000n\000s}{section.7.1}% 67
\BOOKMARK [1][]{section.7.2}{\376\377\0007\000.\0002\000\040\000F\000u\000t\000u\000r\000e\000\040\000r\000e\000s\000e\000a\000r\000c\000h}{chapter.7}% 68
\BOOKMARK [0][]{chapter.8}{\376\377\0008\000\040\000A\000p\000p\000e\000n\000d\000i\000c\000e\000s}{}% 69
\BOOKMARK [1][]{section.8.1}{\376\377\0008\000.\0001\000\040\000A\000p\000p\000e\000n\000d\000i\000x\000\040\0001\000\040\000-\000\040\000M\000A\000T\000L\000A\000B\000\040\000C\000o\000d\000e}{chapter.8}% 70
\BOOKMARK [2][]{subsection.8.1.1}{\376\377\0008\000.\0001\000.\0001\000\040\000T\000i\000m\000e\000\040\000o\000f\000\040\000f\000l\000i\000g\000h\000t\000\040\000m\000e\000a\000s\000u\000r\000e\000m\000e\000n\000t}{section.8.1}% 71
\BOOKMARK [2][]{subsection.8.1.2}{\376\377\0008\000.\0001\000.\0002\000\040\0002\000D\000-\000F\000F\000T}{section.8.1}% 72
